31-Mar-2020, 15:52
============================= test session starts =============================
platform win32 -- Python 3.7.6, pytest-5.4.1, py-1.8.1, pluggy-0.13.1 -- c:\python376\python.exe
cachedir: .pytest_cache
rootdir: C:\A_uwPython\SP_Online_PY210\SP_Online_PY210\students\mmancini\lesson06
collecting ... collected 5 items

test_mailroom4.py::test_create_report PASSED                             [ 20%]
test_mailroom4.py::test_send_thankyou_email PASSED                       [ 40%]
test_mailroom4.py::test_all_donors_listed PASSED                         [ 60%]
test_mailroom4.py::test_write_letters PASSED                             [ 80%]
test_mailroom4.py::test_suite PASSED                                     [100%]

============================== 5 passed in 0.87s ==============================
