============================= test session starts =============================
platform win32 -- Python 3.7.6, pytest-5.4.1, py-1.8.1, pluggy-0.13.1 -- c:\python376\python.exe
cachedir: .pytest_cache
rootdir: C:\A_uwPython\SP_Online_PY210\SP_Online_PY210\students\mmancini\lesson07
collecting ... collected 3 items

test_html_render.py::test_init PASSED                                    [ 33%]
test_html_render.py::test_append PASSED                                  [ 66%]
test_html_render.py::test_render_element FAILED                          [100%]

================================== FAILURES ===================================
_____________________________ test_render_element _____________________________

    def test_render_element():
        """
        Tests whether the Element can render two pieces of text
        So it is also testing that the append method works correctly.
    
        It is not testing whether indentation or line feeds are correct.
        """
        e = Element("this is some text")
        e.append("and this is some more text")
    
        # This uses the render_results utility above
        file_contents = render_result(e).strip()
    
        # making sure the content got in there.
>       assert("this is some text") in file_contents
E       AssertionError: assert 'this is some text' in 'just something as a place holder...'

test_html_render.py:72: AssertionError
=========================== short test summary info ===========================
FAILED test_html_render.py::test_render_element - AssertionError: assert 'thi...
========================= 1 failed, 2 passed in 0.06s =========================
